> ----------------- ----------------- ----------------- ----------------- ----------------- ----------------- ----------------- ----------------- ----------------- ----------------- ----------------- ----------------- ----------------- ----------------- ----------------- 
< ----------------- T,N,I,N,I,N,N,N,N T,N,N,O,I,N,N,N,N T,N,N,O,I,N,N,N,N T,N,N,O,I,N,N,N,N T,N,N,O,I,N,N,N,N T,N,O,O,I,N,N,N,N T,N,I,O,I,N,N,N,N T,N,O,O,I,N,N,N,N T,N,I,O,I,N,N,N,N T,N,O,O,I,N,N,N,N T,N,I,O,I,N,N,N,N T,N,O,O,I,N,N,N,N T,N,I,O,N,N,N,N,N ----------------- 
> ----------------- T,O,I,N,N,N,N,N,N ----------------- ----------------- ----------------- ----------------- T,I,N,N,O,N,N,N,N T,O,I,I,O,N,N,N,N T,I,O,I,O,N,N,N,N T,O,I,I,O,N,N,N,N T,I,O,I,O,N,N,N,N T,O,I,I,O,N,N,N,N T,I,O,I,O,N,N,N,N T,O,I,I,N,N,N,N,N ----------------- 
< ----------------- T,O,I,N,N,N,N,N,N ----------------- T,N,I,N,I,N,N,N,N T,N,N,O,I,N,N,N,N T,N,N,O,N,N,N,N,N ----------------- T,O,I,N,I,N,N,N,N T,I,O,O,I,N,N,N,N T,O,I,O,I,N,N,N,N T,I,O,O,I,N,N,N,N T,O,I,O,I,N,N,N,N T,I,O,O,I,N,N,N,N T,O,I,O,N,N,N,N,N ----------------- 
> ----------------- T,O,I,N,N,N,N,N,N ----------------- T,O,I,N,N,N,N,N,N ----------------- ----------------- T,N,O,N,O,N,N,N,N T,O,I,I,O,N,N,N,N T,I,O,I,O,N,N,N,N T,O,I,I,O,N,N,N,N T,I,O,I,O,N,N,N,N T,O,I,I,O,N,N,N,N T,I,O,I,O,N,N,N,N T,O,I,I,N,N,N,N,N ----------------- 
< ----------------- T,O,I,N,N,N,N,N,N ----------------- T,O,I,N,N,N,N,N,N ----------------- T,N,I,N,I,N,N,N,N T,I,O,O,I,N,N,N,N T,O,I,O,I,N,N,N,N T,I,N,O,I,N,N,N,N T,O,I,O,I,N,N,N,N T,I,N,O,I,N,N,N,N T,O,I,O,I,N,N,N,N T,I,O,O,I,N,N,N,N T,O,I,O,N,N,N,N,N ----------------- 
> ----------------- T,O,I,N,O,N,N,N,N T,N,O,I,O,N,N,N,N T,O,I,I,O,N,N,N,N T,N,O,I,O,N,N,N,N T,O,I,I,O,N,N,N,N T,I,O,I,O,N,N,N,N T,O,I,I,N,N,N,N,N ----------------- T,O,I,N,N,N,N,N,N ----------------- T,O,I,N,O,N,N,N,N T,I,O,I,O,N,N,N,N T,O,I,I,N,N,N,N,N ----------------- 
< ----------------- T,O,I,N,I,N,N,N,N T,I,O,O,I,N,N,N,N T,O,I,O,I,N,N,N,N T,I,O,O,I,N,N,N,N T,O,I,O,I,N,N,N,N T,I,N,O,I,N,N,N,N T,O,N,O,N,N,N,N,N ----------------- T,O,I,N,N,N,N,N,N ----------------- T,O,I,N,I,N,N,N,N T,I,O,O,I,N,N,N,N T,O,I,O,N,N,N,N,N ----------------- 
> ----------------- T,O,I,N,O,N,N,N,N T,I,O,I,O,N,N,N,N T,O,I,I,O,N,N,N,N T,I,O,I,O,N,N,N,N T,O,I,I,N,N,N,N,N ----------------- ----------------- ----------------- T,O,I,N,N,N,N,N,N ----------------- T,O,I,N,O,N,N,N,N T,I,O,I,O,N,N,N,N T,O,I,I,N,N,N,N,N ----------------- 
< ----------------- T,O,I,N,I,N,N,N,N T,I,O,O,I,N,N,N,N T,O,I,O,I,N,N,N,N T,I,O,O,I,N,N,N,N T,O,I,O,I,N,N,N,N T,N,N,O,I,N,N,N,N T,N,N,O,I,N,N,N,N T,N,N,O,I,N,N,N,N T,O,N,O,N,N,N,N,N ----------------- T,O,I,N,I,N,N,N,N T,I,O,O,I,N,N,N,N T,O,I,O,N,N,N,N,N ----------------- 
> ----------------- T,O,I,N,O,N,N,N,N T,I,O,I,O,N,N,N,N T,O,I,I,O,N,N,N,N T,I,O,I,O,N,N,N,N T,O,I,I,N,N,N,N,N ----------------- ----------------- ----------------- ----------------- ----------------- T,O,I,N,O,N,N,N,N T,I,O,I,O,N,N,N,N T,O,I,I,N,N,N,N,N ----------------- 
< ----------------- T,O,I,N,I,N,N,N,N T,I,O,O,I,N,N,N,N T,O,I,O,I,N,N,N,N T,I,O,O,I,N,N,N,N T,O,N,O,I,N,N,N,N T,N,O,O,I,N,N,N,N T,N,I,O,I,N,N,N,N T,N,O,O,I,N,N,N,N T,N,I,O,I,N,N,N,N T,N,O,O,I,N,N,N,N T,O,I,O,I,N,N,N,N T,I,O,O,I,N,N,N,N T,O,I,O,N,N,N,N,N ----------------- 
> ----------------- T,O,I,N,O,N,N,N,N T,I,O,I,O,N,N,N,N T,O,I,I,O,N,N,N,N T,I,O,I,N,N,N,N,N ----------------- T,I,N,N,O,N,N,N,N T,O,I,I,O,N,N,N,N T,I,O,I,O,N,N,N,N T,O,I,I,O,N,N,N,N T,I,O,I,O,N,N,N,N T,O,I,I,O,N,N,N,N T,I,O,I,O,N,N,N,N T,O,I,I,N,N,N,N,N ----------------- 
< ----------------- T,O,I,N,I,N,N,N,N T,I,O,O,I,N,N,N,N T,O,N,O,I,N,N,N,N T,I,O,O,I,N,N,N,N T,N,I,O,N,N,N,N,N ----------------- T,O,I,N,I,N,N,N,N T,I,O,O,I,N,N,N,N T,O,I,O,I,N,N,N,N T,I,N,O,I,N,N,N,N T,O,I,O,I,N,N,N,N T,I,O,O,I,N,N,N,N T,O,I,O,N,N,N,N,N ----------------- 
> ----------------- T,O,I,N,O,N,N,N,N T,I,O,I,N,N,N,N,N ----------------- T,I,N,N,O,N,N,N,N T,O,I,I,O,N,N,N,N T,N,O,I,O,N,N,N,N T,O,I,I,O,N,N,N,N T,I,O,I,O,N,N,N,N T,O,N,I,N,N,N,N,N ----------------- T,O,I,N,O,N,N,N,N T,I,O,I,O,N,N,N,N T,O,I,I,N,N,N,N,N ----------------- 
< ----------------- T,O,I,N,I,N,N,N,N T,I,O,O,I,N,N,N,N T,N,I,O,N,N,N,N,N ----------------- T,O,I,N,I,N,N,N,N T,I,O,O,I,N,N,N,N T,O,I,O,I,N,N,N,N T,I,O,O,N,N,N,N,N ----------------- T,N,O,N,I,N,N,N,N T,O,I,O,I,N,N,N,N T,I,N,O,I,N,N,N,N T,O,I,O,N,N,N,N,N ----------------- 
> ----------------- T,O,I,N,O,N,N,N,N T,I,O,I,O,N,N,N,N T,O,I,I,O,N,N,N,N T,N,O,I,O,N,N,N,N T,O,I,I,O,N,N,N,N T,I,O,I,O,N,N,N,N T,O,I,I,O,N,N,N,N T,I,O,I,O,N,N,N,N T,N,I,I,O,N,N,N,N T,I,O,I,O,N,N,N,N T,O,N,I,N,N,N,N,N ----------------- T,O,I,N,N,N,N,N,N ----------------- 
< ----------------- T,O,N,N,I,N,N,N,N T,I,N,O,I,N,N,N,N T,O,N,O,I,N,N,N,N T,I,N,O,I,N,N,N,N T,O,N,O,I,N,N,N,N T,I,N,O,I,N,N,N,N T,O,N,O,I,N,N,N,N T,I,N,O,I,N,N,N,N T,O,N,O,I,N,N,N,N T,I,N,O,N,N,N,N,N ----------------- T,N,N,N,I,N,N,N,N T,O,N,O,N,N,N,N,N ----------------- 
> ----------------- ----------------- ----------------- ----------------- ----------------- ----------------- ----------------- ----------------- ----------------- ----------------- ----------------- ----------------- ----------------- ----------------- ----------------- 
false
> ----------------- ----------------- ----------------- ----------------- ----------------- ----------------- ----------------- ----------------- ----------------- ----------------- ----------------- ----------------- ----------------- ----------------- ----------------- 
< ----------------- T,N,B,N,B,N,N,N,N T,N,N,B,B,N,N,N,N T,N,N,B,B,N,N,N,N T,N,N,B,B,N,N,N,N T,N,N,B,B,N,N,N,N T,N,B,B,I,N,N,N,N T,N,I,O,I,N,N,N,N T,N,O,O,I,N,N,N,N T,N,I,O,I,N,N,N,N T,N,O,O,I,N,N,N,N T,N,I,O,I,N,N,N,N T,N,O,O,B,N,N,N,N T,N,B,B,N,N,N,N,N ----------------- 
> ----------------- T,B,B,N,N,N,N,N,N ----------------- ----------------- ----------------- ----------------- T,B,N,N,B,N,N,N,N T,O,I,B,O,N,N,N,N T,I,O,I,O,N,N,N,N T,O,I,I,O,N,N,N,N T,I,O,I,O,N,N,N,N T,O,I,I,O,N,N,N,N T,I,O,I,O,N,N,N,N T,B,I,I,N,N,N,N,N ----------------- 
< ----------------- T,B,B,N,N,N,N,N,N ----------------- T,N,B,N,B,N,N,N,N T,N,N,B,I,N,N,N,N T,N,N,B,N,N,N,N,N ----------------- T,O,I,N,I,N,N,N,N T,I,O,O,I,N,N,N,N T,O,I,O,I,N,N,N,N T,I,O,O,I,N,N,N,N T,O,I,O,I,N,N,N,N T,I,O,O,I,N,N,N,N T,O,I,O,N,N,N,N,N ----------------- 
> ----------------- T,B,B,N,N,N,N,N,N ----------------- T,B,B,N,N,N,N,N,N ----------------- ----------------- T,N,O,N,B,N,N,N,N T,O,I,B,O,N,N,N,N T,I,O,I,O,N,N,N,N T,O,I,I,O,N,N,N,N T,I,O,I,O,N,N,N,N T,O,I,I,O,N,N,N,N T,I,O,I,O,N,N,N,N T,O,I,I,N,N,N,N,N ----------------- 
< ----------------- T,B,B,N,N,N,N,N,N ----------------- T,B,B,N,N,N,N,N,N ----------------- T,N,I,N,B,N,N,N,N T,I,O,B,I,N,N,N,N T,O,I,O,I,N,N,N,N T,I,N,O,I,N,N,N,N T,O,B,O,I,N,N,N,N T,I,N,O,I,N,N,N,N T,O,I,O,I,N,N,N,N T,I,O,O,I,N,N,N,N T,O,I,O,N,N,N,N,N ----------------- 
> ----------------- T,B,I,N,O,N,N,N,N T,N,O,I,O,N,N,N,N T,B,I,I,O,N,N,N,N T,N,O,I,O,N,N,N,N T,O,I,I,O,N,N,N,N T,I,O,I,O,N,N,N,B T,O,I,I,N,N,N,N,N ----------------- T,B,B,N,N,N,N,N,N ----------------- T,O,I,N,O,N,N,N,N T,I,O,I,O,N,N,N,N T,O,I,I,N,N,N,N,N ----------------- 
< ----------------- T,O,I,N,I,N,N,N,N T,I,O,O,I,N,N,N,N T,O,I,O,I,N,N,N,N T,I,O,O,I,N,N,N,N T,O,I,O,I,N,N,N,N T,I,N,O,I,N,N,N,N T,O,N,O,N,B,N,N,N ----------------- T,B,B,N,N,N,N,N,N ----------------- T,O,I,N,I,N,N,N,N T,I,O,O,I,N,N,N,N T,O,I,O,N,N,N,N,N ----------------- 
> ----------------- T,O,I,N,O,N,N,N,N T,I,O,I,O,N,N,N,N T,O,I,I,O,N,N,N,N T,I,O,I,O,N,N,N,N T,O,I,I,N,N,N,N,N ----------------- ----------------- ----------------- T,B,B,N,N,N,N,N,N ----------------- T,O,I,N,O,N,N,N,N T,I,O,I,O,N,N,N,N T,O,I,I,N,N,N,N,N ----------------- 
< ----------------- T,O,I,N,I,N,N,N,N T,I,O,O,I,N,N,N,N T,O,I,O,I,N,N,N,N T,I,O,O,I,N,N,N,N T,O,I,O,B,N,N,N,N T,N,N,B,B,N,N,N,N T,N,N,B,B,N,N,N,N T,N,N,B,B,N,N,N,N T,B,N,B,N,N,N,N,N ----------------- T,O,I,N,I,N,N,N,N T,I,O,O,I,N,N,N,N T,O,I,O,N,N,N,N,N ----------------- 
> ----------------- T,O,I,N,O,N,N,N,N T,I,O,I,O,N,N,N,N T,O,I,I,O,N,N,N,N T,I,O,I,O,N,N,N,N T,O,I,I,N,N,N,N,N ----------------- ----------------- ----------------- ----------------- ----------------- T,O,I,N,O,N,N,N,N T,I,O,I,O,N,N,N,N T,O,I,I,N,N,N,N,N ----------------- 
< ----------------- T,O,I,N,I,N,N,N,N T,I,O,O,I,N,N,N,N T,O,I,O,I,N,N,N,N T,I,O,O,I,N,N,N,N T,O,N,O,I,N,N,N,N T,N,B,O,I,N,N,N,N T,N,I,O,I,N,N,N,N T,N,O,O,I,N,N,N,N T,N,I,O,I,N,N,N,N T,N,O,O,I,N,N,N,N T,O,I,O,I,N,N,N,N T,I,O,O,I,N,N,N,N T,O,I,O,N,N,N,N,N ----------------- 
> ----------------- T,O,I,N,O,N,N,N,N T,I,O,I,O,N,N,N,N T,O,I,I,O,N,N,N,N T,I,O,I,N,N,N,N,N ----------------- T,B,N,N,B,N,N,N,N T,O,I,B,O,N,N,N,N T,I,O,I,O,N,N,N,N T,O,I,I,O,N,N,N,N T,I,O,I,O,N,N,N,N T,O,I,I,O,N,N,N,N T,I,O,I,O,N,N,N,N T,O,I,I,N,N,N,N,N ----------------- 
< ----------------- T,O,I,N,I,N,N,N,N T,I,O,O,I,N,N,N,N T,O,N,O,I,N,N,N,N T,I,B,O,B,N,N,N,N T,N,B,B,N,N,N,N,N ----------------- T,O,I,N,I,N,N,N,N T,I,O,O,I,N,N,N,N T,O,B,O,I,N,N,N,N T,I,N,O,I,N,N,N,N T,O,I,O,I,N,N,N,N T,I,O,O,I,N,N,N,N T,O,I,O,N,N,N,N,N ----------------- 
> ----------------- T,O,I,N,O,N,N,N,N T,I,O,I,N,N,N,N,N ----------------- T,B,N,N,B,N,N,N,N T,B,I,B,O,N,N,N,N T,N,O,I,O,N,N,N,N T,O,I,I,O,N,N,N,N T,I,O,I,B,N,N,N,N T,B,N,B,N,N,N,N,N ----------------- T,O,I,N,O,N,N,N,N T,I,O,I,O,N,N,N,N T,O,I,I,N,N,N,N,N ----------------- 
< ----------------- T,O,I,N,I,N,N,N,N T,I,O,O,B,N,N,N,N T,N,B,B,N,N,N,N,N ----------------- T,O,I,N,I,N,N,N,N T,I,O,O,I,N,N,N,N T,O,I,O,I,N,N,N,N T,I,O,O,N,N,N,N,N ----------------- T,N,B,N,B,N,N,N,N T,O,B,B,I,N,N,N,N T,I,N,O,I,N,N,N,N T,O,B,O,N,N,N,N,N ----------------- 
> ----------------- T,O,B,N,O,N,N,N,N T,I,O,I,O,N,N,N,N T,B,I,I,O,N,N,N,N T,N,O,I,O,N,N,N,N T,O,I,I,O,N,N,N,N T,I,O,I,O,N,N,N,N T,O,I,I,O,N,N,N,N T,I,O,I,O,N,N,N,N T,N,I,I,O,N,N,N,N T,B,B,I,B,N,N,N,N T,B,N,B,N,N,N,N,N ----------------- T,B,B,N,N,N,N,N,N ----------------- 
< ----------------- T,B,N,N,B,N,N,N,N T,I,N,B,I,N,N,N,N T,O,N,O,I,N,N,N,N T,I,N,O,I,N,N,N,N T,O,N,O,I,N,N,N,N T,I,N,O,I,N,N,N,N T,O,N,O,I,N,N,N,N T,I,N,O,I,N,N,N,N T,O,N,O,B,N,N,N,N T,B,N,B,N,N,N,N,N ----------------- T,N,N,N,I,N,N,N,N T,B,N,O,N,N,N,N,N ----------------- 
> ----------------- ----------------- ----------------- ----------------- ----------------- ----------------- ----------------- ----------------- ----------------- ----------------- ----------------- ----------------- ----------------- ----------------- ----------------- 
188
1 1 ==> 183
3 5
15 13
16 13
17 12
17 13
1 2 ==> 183
3 5
15 13
16 13
17 12
17 13
1 3 ==> 183
3 5
15 13
16 13
17 12
17 13
1 4 ==> 183
3 5
15 13
16 13
17 12
17 13
1 5 ==> 183
3 5
15 13
16 13
17 12
17 13
1 6 ==> 183
3 5
15 13
16 13
17 12
17 13
1 7 ==> 183
3 5
15 13
16 13
17 12
17 13
1 8 ==> 183
3 5
15 13
16 13
17 12
17 13
1 9 ==> 183
3 5
15 13
16 13
17 12
17 13
1 10 ==> 183
3 5
15 13
16 13
17 12
17 13
1 11 ==> 183
3 5
15 13
16 13
17 12
17 13
1 12 ==> 183
3 5
15 13
16 13
17 12
17 13
1 13 ==> 183
3 5
15 13
16 13
17 12
17 13
2 1 ==> 183
3 5
15 13
16 13
17 12
17 13
2 2 ==> Can't walk here
2 3 ==> Can't walk here
2 4 ==> Can't walk here
2 5 ==> Can't walk here
2 6 ==> 183
3 5
15 13
16 13
17 12
17 13
2 7 ==> 183
3 5
15 13
16 13
17 12
17 13
2 8 ==> 183
3 5
15 13
16 13
17 12
17 13
2 9 ==> 183
3 5
15 13
16 13
17 12
17 13
2 10 ==> 183
3 5
15 13
16 13
17 12
17 13
2 11 ==> 183
3 5
15 13
16 13
17 12
17 13
2 12 ==> 183
3 5
15 13
16 13
17 12
17 13
2 13 ==> 183
3 5
15 13
16 13
17 12
17 13
3 1 ==> 183
3 5
15 13
16 13
17 12
17 13
3 2 ==> Can't walk here
3 3 ==> 183
3 5
15 13
16 13
17 12
17 13
3 4 ==> 183
3 5
15 13
16 13
17 12
17 13
3 5 ==> 184
15 13
16 13
17 12
17 13
3 6 ==> Can't walk here
3 7 ==> 183
3 5
15 13
16 13
17 12
17 13
3 8 ==> 183
3 5
15 13
16 13
17 12
17 13
3 9 ==> 183
3 5
15 13
16 13
17 12
17 13
3 10 ==> 183
3 5
15 13
16 13
17 12
17 13
3 11 ==> 183
3 5
15 13
16 13
17 12
17 13
3 12 ==> 183
3 5
15 13
16 13
17 12
17 13
3 13 ==> 183
3 5
15 13
16 13
17 12
17 13
4 1 ==> 183
3 5
15 13
16 13
17 12
17 13
4 2 ==> Can't walk here
4 3 ==> 183
3 5
15 13
16 13
17 12
17 13
4 4 ==> Can't walk here
4 5 ==> Can't walk here
4 6 ==> 183
3 5
15 13
16 13
17 12
17 13
4 7 ==> 183
3 5
15 13
16 13
17 12
17 13
4 8 ==> 183
3 5
15 13
16 13
17 12
17 13
4 9 ==> 183
3 5
15 13
16 13
17 12
17 13
4 10 ==> 183
3 5
15 13
16 13
17 12
17 13
4 11 ==> 183
3 5
15 13
16 13
17 12
17 13
4 12 ==> 183
3 5
15 13
16 13
17 12
17 13
4 13 ==> 183
3 5
15 13
16 13
17 12
17 13
5 1 ==> 183
3 5
15 13
16 13
17 12
17 13
5 2 ==> Can't walk here
5 3 ==> 183
3 5
15 13
16 13
17 12
17 13
5 4 ==> Can't walk here
5 5 ==> 183
3 5
15 13
16 13
17 12
17 13
5 6 ==> 183
3 5
15 13
16 13
17 12
17 13
5 7 ==> 183
3 5
15 13
16 13
17 12
17 13
5 8 ==> 183
3 5
15 13
16 13
17 12
17 13
5 9 ==> 183
3 5
15 13
16 13
17 12
17 13
5 10 ==> 183
3 5
15 13
16 13
17 12
17 13
5 11 ==> 183
3 5
15 13
16 13
17 12
17 13
5 12 ==> 183
3 5
15 13
16 13
17 12
17 13
5 13 ==> 183
3 5
15 13
16 13
17 12
17 13
6 1 ==> 183
3 5
15 13
16 13
17 12
17 13
6 2 ==> 183
3 5
15 13
16 13
17 12
17 13
6 3 ==> 183
3 5
15 13
16 13
17 12
17 13
6 4 ==> 183
3 5
15 13
16 13
17 12
17 13
6 5 ==> 183
3 5
15 13
16 13
17 12
17 13
6 6 ==> 183
3 5
15 13
16 13
17 12
17 13
6 7 ==> 183
3 5
15 13
16 13
17 12
17 13
6 8 ==> Can't walk here
6 9 ==> 183
3 5
15 13
16 13
17 12
17 13
6 10 ==> Can't walk here
6 11 ==> 183
3 5
15 13
16 13
17 12
17 13
6 12 ==> 183
3 5
15 13
16 13
17 12
17 13
6 13 ==> 183
3 5
15 13
16 13
17 12
17 13
7 1 ==> 183
3 5
15 13
16 13
17 12
17 13
7 2 ==> 183
3 5
15 13
16 13
17 12
17 13
7 3 ==> 183
3 5
15 13
16 13
17 12
17 13
7 4 ==> 183
3 5
15 13
16 13
17 12
17 13
7 5 ==> 183
3 5
15 13
16 13
17 12
17 13
7 6 ==> 183
3 5
15 13
16 13
17 12
17 13
7 7 ==> 183
3 5
15 13
16 13
17 12
17 13
7 8 ==> Can't walk here
7 9 ==> 183
3 5
15 13
16 13
17 12
17 13
7 10 ==> Can't walk here
7 11 ==> 183
3 5
15 13
16 13
17 12
17 13
7 12 ==> 183
3 5
15 13
16 13
17 12
17 13
7 13 ==> 183
3 5
15 13
16 13
17 12
17 13
8 1 ==> 183
3 5
15 13
16 13
17 12
17 13
8 2 ==> 183
3 5
15 13
16 13
17 12
17 13
8 3 ==> 183
3 5
15 13
16 13
17 12
17 13
8 4 ==> 183
3 5
15 13
16 13
17 12
17 13
8 5 ==> 183
3 5
15 13
16 13
17 12
17 13
8 6 ==> Can't walk here
8 7 ==> Can't walk here
8 8 ==> Can't walk here
8 9 ==> 183
3 5
15 13
16 13
17 12
17 13
8 10 ==> Can't walk here
8 11 ==> 183
3 5
15 13
16 13
17 12
17 13
8 12 ==> 183
3 5
15 13
16 13
17 12
17 13
8 13 ==> 183
3 5
15 13
16 13
17 12
17 13
9 1 ==> 183
3 5
15 13
16 13
17 12
17 13
9 2 ==> 183
3 5
15 13
16 13
17 12
17 13
9 3 ==> 183
3 5
15 13
16 13
17 12
17 13
9 4 ==> 183
3 5
15 13
16 13
17 12
17 13
9 5 ==> 183
3 5
15 13
16 13
17 12
17 13
9 6 ==> 183
3 5
15 13
16 13
17 12
17 13
9 7 ==> 183
3 5
15 13
16 13
17 12
17 13
9 8 ==> 183
3 5
15 13
16 13
17 12
17 13
9 9 ==> 183
3 5
15 13
16 13
17 12
17 13
9 10 ==> Can't walk here
9 11 ==> 183
3 5
15 13
16 13
17 12
17 13
9 12 ==> 183
3 5
15 13
16 13
17 12
17 13
9 13 ==> 183
3 5
15 13
16 13
17 12
17 13
10 1 ==> 183
3 5
15 13
16 13
17 12
17 13
10 2 ==> 183
3 5
15 13
16 13
17 12
17 13
10 3 ==> 183
3 5
15 13
16 13
17 12
17 13
10 4 ==> 183
3 5
15 13
16 13
17 12
17 13
10 5 ==> 183
3 5
15 13
16 13
17 12
17 13
10 6 ==> Can't walk here
10 7 ==> Can't walk here
10 8 ==> Can't walk here
10 9 ==> Can't walk here
10 10 ==> Can't walk here
10 11 ==> 183
3 5
15 13
16 13
17 12
17 13
10 12 ==> 183
3 5
15 13
16 13
17 12
17 13
10 13 ==> 183
3 5
15 13
16 13
17 12
17 13
11 1 ==> 183
3 5
15 13
16 13
17 12
17 13
11 2 ==> 183
3 5
15 13
16 13
17 12
17 13
11 3 ==> 183
3 5
15 13
16 13
17 12
17 13
11 4 ==> 183
3 5
15 13
16 13
17 12
17 13
11 5 ==> 183
3 5
15 13
16 13
17 12
17 13
11 6 ==> 183
3 5
15 13
16 13
17 12
17 13
11 7 ==> 183
3 5
15 13
16 13
17 12
17 13
11 8 ==> 183
3 5
15 13
16 13
17 12
17 13
11 9 ==> 183
3 5
15 13
16 13
17 12
17 13
11 10 ==> 183
3 5
15 13
16 13
17 12
17 13
11 11 ==> 183
3 5
15 13
16 13
17 12
17 13
11 12 ==> 183
3 5
15 13
16 13
17 12
17 13
11 13 ==> 183
3 5
15 13
16 13
17 12
17 13
12 1 ==> 183
3 5
15 13
16 13
17 12
17 13
12 2 ==> 183
3 5
15 13
16 13
17 12
17 13
12 3 ==> 183
3 5
15 13
16 13
17 12
17 13
12 4 ==> 183
3 5
15 13
16 13
17 12
17 13
12 5 ==> Can't walk here
12 6 ==> 183
3 5
15 13
16 13
17 12
17 13
12 7 ==> 183
3 5
15 13
16 13
17 12
17 13
12 8 ==> 183
3 5
15 13
16 13
17 12
17 13
12 9 ==> 183
3 5
15 13
16 13
17 12
17 13
12 10 ==> 183
3 5
15 13
16 13
17 12
17 13
12 11 ==> 183
3 5
15 13
16 13
17 12
17 13
12 12 ==> 183
3 5
15 13
16 13
17 12
17 13
12 13 ==> 183
3 5
15 13
16 13
17 12
17 13
13 1 ==> 183
3 5
15 13
16 13
17 12
17 13
13 2 ==> 183
3 5
15 13
16 13
17 12
17 13
13 3 ==> 183
3 5
15 13
16 13
17 12
17 13
13 4 ==> 183
3 5
15 13
16 13
17 12
17 13
13 5 ==> 183
3 5
15 13
16 13
17 12
17 13
13 6 ==> Can't walk here
13 7 ==> 183
3 5
15 13
16 13
17 12
17 13
13 8 ==> 183
3 5
15 13
16 13
17 12
17 13
13 9 ==> 183
3 5
15 13
16 13
17 12
17 13
13 10 ==> 183
3 5
15 13
16 13
17 12
17 13
13 11 ==> 183
3 5
15 13
16 13
17 12
17 13
13 12 ==> 183
3 5
15 13
16 13
17 12
17 13
13 13 ==> 183
3 5
15 13
16 13
17 12
17 13
14 1 ==> 183
3 5
15 13
16 13
17 12
17 13
14 2 ==> 183
3 5
15 13
16 13
17 12
17 13
14 3 ==> Can't walk here
14 4 ==> 183
3 5
15 13
16 13
17 12
17 13
14 5 ==> 183
3 5
15 13
16 13
17 12
17 13
14 6 ==> 183
3 5
15 13
16 13
17 12
17 13
14 7 ==> 183
3 5
15 13
16 13
17 12
17 13
14 8 ==> 183
3 5
15 13
16 13
17 12
17 13
14 9 ==> 183
3 5
15 13
16 13
17 12
17 13
14 10 ==> Can't walk here
14 11 ==> 183
3 5
15 13
16 13
17 12
17 13
14 12 ==> 183
3 5
15 13
16 13
17 12
17 13
14 13 ==> 183
3 5
15 13
16 13
17 12
17 13
15 1 ==> 183
3 5
15 13
16 13
17 12
17 13
15 2 ==> 183
3 5
15 13
16 13
17 12
17 13
15 3 ==> 183
3 5
15 13
16 13
17 12
17 13
15 4 ==> Can't walk here
15 5 ==> 183
3 5
15 13
16 13
17 12
17 13
15 6 ==> 183
3 5
15 13
16 13
17 12
17 13
15 7 ==> 183
3 5
15 13
16 13
17 12
17 13
15 8 ==> 183
3 5
15 13
16 13
17 12
17 13
15 9 ==> Can't walk here
15 10 ==> 183
3 5
15 13
16 13
17 12
17 13
15 11 ==> 183
3 5
15 13
16 13
17 12
17 13
15 12 ==> 183
3 5
15 13
16 13
17 12
17 13
15 13 ==> 187
3 5
16 1 ==> 183
3 5
15 13
16 13
17 12
17 13
16 2 ==> 183
3 5
15 13
16 13
17 12
17 13
16 3 ==> 183
3 5
15 13
16 13
17 12
17 13
16 4 ==> 183
3 5
15 13
16 13
17 12
17 13
16 5 ==> 183
3 5
15 13
16 13
17 12
17 13
16 6 ==> 183
3 5
15 13
16 13
17 12
17 13
16 7 ==> 183
3 5
15 13
16 13
17 12
17 13
16 8 ==> 183
3 5
15 13
16 13
17 12
17 13
16 9 ==> 183
3 5
15 13
16 13
17 12
17 13
16 10 ==> 183
3 5
15 13
16 13
17 12
17 13
16 11 ==> 183
3 5
15 13
16 13
17 12
17 13
16 12 ==> Can't walk here
16 13 ==> 187
3 5
17 1 ==> 183
3 5
15 13
16 13
17 12
17 13
17 2 ==> 183
3 5
15 13
16 13
17 12
17 13
17 3 ==> 183
3 5
15 13
16 13
17 12
17 13
17 4 ==> 183
3 5
15 13
16 13
17 12
17 13
17 5 ==> 183
3 5
15 13
16 13
17 12
17 13
17 6 ==> 183
3 5
15 13
16 13
17 12
17 13
17 7 ==> 183
3 5
15 13
16 13
17 12
17 13
17 8 ==> 183
3 5
15 13
16 13
17 12
17 13
17 9 ==> 183
3 5
15 13
16 13
17 12
17 13
17 10 ==> 183
3 5
15 13
16 13
17 12
17 13
17 11 ==> Can't walk here
17 12 ==> 1
1 1
1 2
1 3
1 4
1 5
1 6
1 7
1 8
1 9
1 10
1 11
1 12
1 13
2 1
2 6
2 7
2 8
2 9
2 10
2 11
2 12
2 13
3 1
3 3
3 4
3 5
3 7
3 8
3 9
3 10
3 11
3 12
3 13
4 1
4 3
4 6
4 7
4 8
4 9
4 10
4 11
4 12
4 13
5 1
5 3
5 5
5 6
5 7
5 8
5 9
5 10
5 11
5 12
5 13
6 1
6 2
6 3
6 4
6 5
6 6
6 7
6 9
6 11
6 12
6 13
7 1
7 2
7 3
7 4
7 5
7 6
7 7
7 9
7 11
7 12
7 13
8 1
8 2
8 3
8 4
8 5
8 9
8 11
8 12
8 13
9 1
9 2
9 3
9 4
9 5
9 6
9 7
9 8
9 9
9 11
9 12
9 13
10 1
10 2
10 3
10 4
10 5
10 11
10 12
10 13
11 1
11 2
11 3
11 4
11 5
11 6
11 7
11 8
11 9
11 10
11 11
11 12
11 13
12 1
12 2
12 3
12 4
12 6
12 7
12 8
12 9
12 10
12 11
12 12
12 13
13 1
13 2
13 3
13 4
13 5
13 7
13 8
13 9
13 10
13 11
13 12
13 13
14 1
14 2
14 4
14 5
14 6
14 7
14 8
14 9
14 11
14 12
14 13
15 1
15 2
15 3
15 5
15 6
15 7
15 8
15 10
15 11
15 12
15 13
16 1
16 2
16 3
16 4
16 5
16 6
16 7
16 8
16 9
16 10
16 11
16 13
17 1
17 2
17 3
17 4
17 5
17 6
17 7
17 8
17 9
17 10
17 13
17 13 ==> 187
3 5
